<?xml version="1.0" encoding="UTF-8"?>
<testng-results ignored="0" total="2" passed="2" failed="0" skipped="0">
  <reporter-output>
  </reporter-output>
  <suite started-at="2023-03-24T19:42:21 IST" name="Suite" finished-at="2023-03-24T19:42:22 IST" duration-ms="111">
    <groups>
    </groups>
    <test started-at="2023-03-24T19:42:21 IST" name="Test" finished-at="2023-03-24T19:42:22 IST" duration-ms="111">
      <class name="TestRunner.Index_Runner">
        <test-method signature="t1()[pri:0, instance:TestRunner.Index_Runner@647fd8ce]" started-at="2023-03-24T19:42:21 IST" name="t1" finished-at="2023-03-24T19:42:21 IST" duration-ms="24" status="PASS">
          <reporter-output>
          </reporter-output>
        </test-method> <!-- t1 -->
        <test-method signature="t2()[pri:0, instance:TestRunner.Index_Runner@647fd8ce]" started-at="2023-03-24T19:42:21 IST" name="t2" finished-at="2023-03-24T19:42:21 IST" duration-ms="2" status="PASS">
          <reporter-output>
          </reporter-output>
        </test-method> <!-- t2 -->
      </class> <!-- TestRunner.Index_Runner -->
    </test> <!-- Test -->
  </suite> <!-- Suite -->
</testng-results>
